0 info it worked if it ends with ok
1 verbose cli [ 'C:\\Program Files\\nodejs\\node.exe',
1 verbose cli   'C:\\Program Files\\nodejs\\node_modules\\npm\\bin\\npm-cli.js',
1 verbose cli   'start' ]
2 info using npm@3.10.8
3 info using node@v7.0.0
4 verbose run-script [ 'prestart', 'start', 'poststart' ]
5 info lifecycle space-vfs@0.0.1~prestart: space-vfs@0.0.1
6 silly lifecycle space-vfs@0.0.1~prestart: no script for prestart, continuing
7 info lifecycle space-vfs@0.0.1~start: space-vfs@0.0.1
8 verbose lifecycle space-vfs@0.0.1~start: unsafe-perm in lifecycle true
9 verbose lifecycle space-vfs@0.0.1~start: PATH: C:\Program Files\nodejs\node_modules\npm\bin\node-gyp-bin;C:\Users\f6cf\Desktop\Development\SpaceVFS\SpaceVFS\node_modules\.bin;C:\Program Files\Docker\Docker\Resources\bin;C:\Python27\;C:\Python27\Scripts;C:\ProgramData\Oracle\Java\javapath;C:\WINDOWS\system32;C:\WINDOWS;C:\WINDOWS\System32\Wbem;C:\WINDOWS\System32\WindowsPowerShell\v1.0\;C:\Program Files (x86)\Bitvise SSH Client;C:\Program Files\Git\cmd;C:\Program Files\Git\mingw64\bin;C:\Program Files\Git\usr\bin;C:\Program Files\Microsoft SQL Server\130\Tools\Binn\;C:\Program Files (x86)\Windows Kits\10\Windows Performance Toolkit\;C:\Program Files (x86)\GtkSharp\2.12\bin;C:\Program Files\Rust stable GNU 1.12\bin;C:\Program Files (x86)\gnuplot\bin;C:\Program Files\nodejs\;C:\Program Files (x86)\Heroku\bin;C:\Program Files (x86)\git\cmd;C:\Program Files (x86)\Git\cmd;C:\HaxeToolkit\haxe\;C:\HaxeToolkit\neko;C:\Program Files (x86)\QuickTime\QTSystem\;C:\Ruby23-x64\bin;C:\Users\f6cf\AppData\Local\Programs\Python\Python35\Scripts\;C:\Users\f6cf\AppData\Local\Programs\Python\Python35\;C:\Users\f6cf\AppData\Local\Microsoft\WindowsApps;C:\Users\f6cf\AppData\Local\atom\bin;C:\Users\f6cf\AppData\Roaming\npm;C:\Users\f6cf\AppData\Local\Microsoft\WindowsApps;C:\Users\f6cf\AppData\Local\.meteor\;C:\Program Files (x86)\Microsoft VS Code\bin;
10 verbose lifecycle space-vfs@0.0.1~start: CWD: C:\Users\f6cf\Desktop\Development\SpaceVFS\SpaceVFS
11 silly lifecycle space-vfs@0.0.1~start: Args: [ '/d /s /c', 'node --harmony index.js' ]
12 silly lifecycle space-vfs@0.0.1~start: Returned: code: 3221225477  signal: null
13 info lifecycle space-vfs@0.0.1~start: Failed to exec start script
14 verbose stack Error: space-vfs@0.0.1 start: `node --harmony index.js`
14 verbose stack Exit status 3221225477
14 verbose stack     at EventEmitter.<anonymous> (C:\Program Files\nodejs\node_modules\npm\lib\utils\lifecycle.js:255:16)
14 verbose stack     at emitTwo (events.js:106:13)
14 verbose stack     at EventEmitter.emit (events.js:191:7)
14 verbose stack     at ChildProcess.<anonymous> (C:\Program Files\nodejs\node_modules\npm\lib\utils\spawn.js:40:14)
14 verbose stack     at emitTwo (events.js:106:13)
14 verbose stack     at ChildProcess.emit (events.js:191:7)
14 verbose stack     at maybeClose (internal/child_process.js:877:16)
14 verbose stack     at Process.ChildProcess._handle.onexit (internal/child_process.js:226:5)
15 verbose pkgid space-vfs@0.0.1
16 verbose cwd C:\Users\f6cf\Desktop\Development\SpaceVFS\SpaceVFS
17 error Windows_NT 10.0.14971
18 error argv "C:\\Program Files\\nodejs\\node.exe" "C:\\Program Files\\nodejs\\node_modules\\npm\\bin\\npm-cli.js" "start"
19 error node v7.0.0
20 error npm  v3.10.8
21 error code ELIFECYCLE
22 error space-vfs@0.0.1 start: `node --harmony index.js`
22 error Exit status 3221225477
23 error Failed at the space-vfs@0.0.1 start script 'node --harmony index.js'.
23 error Make sure you have the latest version of node.js and npm installed.
23 error If you do, this is most likely a problem with the space-vfs package,
23 error not with npm itself.
23 error Tell the author that this fails on your system:
23 error     node --harmony index.js
23 error You can get information on how to open an issue for this project with:
23 error     npm bugs space-vfs
23 error Or if that isn't available, you can get their info via:
23 error     npm owner ls space-vfs
23 error There is likely additional logging output above.
24 verbose exit [ 1, true ]
